<?xml version="1.0" encoding="UTF-8"?>
<!-- Generated by org.testng.reporters.JUnitReportReporter -->
<testsuite hostname="Gus" failures="0" tests="1" name="Cukes1Runner" time="8.730" errors="0" timestamp="2021-06-19T11:00:09 BST" skipped="0">
  <testcase classname="Cukes1Runner" name="runScenario" time="8.730"/>
  <system-out/>
</testsuite> <!-- Cukes1Runner -->
